<?xml version="1.0" encoding="UTF-8"?>
<!-- Generated by org.testng.reporters.JUnitXMLReporter -->
<testsuite hostname="DESKTOP-K8OENUN" failures="0" tests="5" name="Default test" time="0.062" errors="0" timestamp="11 Jun 2020 08:47:12 GMT">
  <testcase classname="Automation1.Class3TestNG" name="CarLoan" time="0.014"/>
  <testcase classname="Automation1.Class3TestNG" name="Loginloan" time="0.002"/>
  <testcase classname="Automation1.Class3TestNG" name="UserName" time="0.014">
    <skipped/>
  </testcase> <!-- UserName -->
  <testcase classname="Automation1.Class3TestNG" name="Homeloan" time="0.002"/>
  <testcase classname="Automation1.Class3TestNG" name="Logoutloan" time="0.001"/>
</testsuite> <!-- Default test -->
