<?xml version="1.0" encoding="UTF-8"?>
<!-- Generated by org.testng.reporters.JUnitXMLReporter -->
<testsuite hostname="DESKTOP-K8OENUN" failures="0" tests="4" name="Project2" time="0.123" errors="0" timestamp="11 Jun 2020 12:52:06 GMT">
  <testcase classname="Automation1.Class3TestNG" name="CarLoan" time="0.01"/>
  <testcase classname="Automation1.Class3TestNG" name="Loginloan" time="0.003"/>
  <testcase classname="Automation1.Class3TestNG" name="UserName" time="0.047">
    <skipped/>
  </testcase> <!-- UserName -->
  <testcase classname="Automation1.Class3TestNG" name="Logoutloan" time="0.002"/>
</testsuite> <!-- Project2 -->
