<?xml version="1.0" encoding="UTF-8"?>
<testng-results total="1" passed="1" failed="0" skipped="0">
  <reporter-output>
  </reporter-output>
  <suite started-at="2020-06-06T06:43:43Z" name="Default suite" finished-at="2020-06-06T06:43:43Z" duration-ms="63">
    <groups>
    </groups>
    <test started-at="2020-06-06T06:43:43Z" name="Default test" finished-at="2020-06-06T06:43:43Z" duration-ms="63">
      <class name="Automation1.NewTest">
        <test-method signature="Demo()[pri:0, instance:Automation1.NewTest@7d4f9aae]" started-at="2020-06-06T12:13:43Z" name="Demo" finished-at="2020-06-06T12:13:43Z" duration-ms="28" status="PASS">
          <reporter-output>
          </reporter-output>
        </test-method> <!-- Demo -->
      </class> <!-- Automation1.NewTest -->
    </test> <!-- Default test -->
  </suite> <!-- Default suite -->
</testng-results>
